<?xml version="1.0" encoding="UTF-8"?>
<testsuite name="dressapp.calendar.EventSpec" tests="1" skipped="0" failures="1" errors="0" timestamp="2018-06-12T15:02:57" hostname="nico-N53SV" time="0.002">
  <properties/>
  <testcase name="test something" classname="dressapp.calendar.EventSpec" time="0.002">
    <failure message="Condition not satisfied:&#10;&#10;true == false&#10;     |&#10;     false&#10;" type="org.spockframework.runtime.SpockComparisonFailure">Condition not satisfied:

true == false
     |
     false

	at dressapp.calendar.EventSpec.test something(EventSpec.groovy:16)
</failure>
  </testcase>
  <system-out><![CDATA[]]></system-out>
  <system-err><![CDATA[]]></system-err>
</testsuite>
