<?xml version="1.0" encoding="UTF-8"?>
<testsuite name="dressapp.users.UserSpec" tests="5" skipped="0" failures="0" errors="0" timestamp="2018-06-17T15:12:05" hostname="nico-N53SV" time="0.442">
  <properties/>
  <testcase name="test se crean usuarios" classname="dressapp.users.UserSpec" time="0.328"/>
  <testcase name="test al crear un usuario se asigna un userInfo" classname="dressapp.users.UserSpec" time="0.026"/>
  <testcase name="test al crear usuario se asigna un guardarropas" classname="dressapp.users.UserSpec" time="0.022"/>
  <testcase name="test se crean dos usuarios distintos" classname="dressapp.users.UserSpec" time="0.045"/>
  <testcase name="test dos usuarios tienen guardarropas distintos" classname="dressapp.users.UserSpec" time="0.02"/>
  <system-out><![CDATA[]]></system-out>
  <system-err><![CDATA[]]></system-err>
</testsuite>
