<?xml version="1.0" encoding="UTF-8"?>
<testsuite name="dressapp.users.UserSpec" tests="5" skipped="0" failures="0" errors="0" timestamp="2018-06-18T22:08:29" hostname="pmitn009865" time="0.275">
  <properties/>
  <testcase name="test se crean usuarios" classname="dressapp.users.UserSpec" time="0.211"/>
  <testcase name="test al crear un usuario se asigna un userInfo" classname="dressapp.users.UserSpec" time="0.013"/>
  <testcase name="test al crear usuario se asigna un guardarropas" classname="dressapp.users.UserSpec" time="0.013"/>
  <testcase name="test se crean dos usuarios distintos" classname="dressapp.users.UserSpec" time="0.028"/>
  <testcase name="test dos usuarios tienen guardarropas distintos" classname="dressapp.users.UserSpec" time="0.01"/>
  <system-out><![CDATA[]]></system-out>
  <system-err><![CDATA[]]></system-err>
</testsuite>
